#
# There is insufficient memory for the Java Runtime Environment to continue.
# Native memory allocation (mmap) failed to map 65536 bytes. Error detail: Failed to commit metaspace.
# Possible reasons:
#   The system is out of physical RAM or swap space
#   This process is running with CompressedOops enabled, and the Java Heap may be blocking the growth of the native heap
# Possible solutions:
#   Reduce memory load on the system
#   Increase physical memory or swap space
#   Check if swap backing store is full
#   Decrease Java heap size (-Xmx/-Xms)
#   Decrease number of Java threads
#   Decrease Java thread stack sizes (-Xss)
#   Set larger code cache with -XX:ReservedCodeCacheSize=
#   JVM is running with Unscaled Compressed Oops mode in which the Java heap is
#     placed in the first 4GB address space. The Java Heap base address is the
#     maximum limit for the native heap growth. Please use -XX:HeapBaseMinAddress
#     to set the Java Heap base and to place the Java Heap above 4GB virtual address.
# This output file may be truncated or incomplete.
#
#  Out of Memory Error (virtualSpaceNode.cpp:113), pid=10100, tid=7380
#
# JRE version: Java(TM) SE Runtime Environment (23.0+37) (build 23+37-2369)
# Java VM: Java HotSpot(TM) 64-Bit Server VM (23+37-2369, mixed mode, emulated-client, sharing, tiered, compressed oops, compressed class ptrs, g1 gc, windows-amd64)
# No core dump will be written. Minidumps are not enabled by default on client versions of Windows
#

---------------  S U M M A R Y ------------

Command Line: -XX:TieredStopAtLevel=1 -Dspring.output.ansi.enabled=always -Dcom.sun.management.jmxremote -Dspring.jmx.enabled=true -Dspring.liveBeansView.mbeanDomain -Dspring.application.admin.enabled=true -Dmanagement.endpoints.jmx.exposure.include=* -javaagent:C:\Program Files\JetBrains\IntelliJ IDEA 2024.2.3\lib\idea_rt.jar=54134:C:\Program Files\JetBrains\IntelliJ IDEA 2024.2.3\bin -Dfile.encoding=UTF-8 -Dsun.stdout.encoding=UTF-8 -Dsun.stderr.encoding=UTF-8 com.login.UserLoginApplication

Host: Intel(R) Core(TM) i5-6300U CPU @ 2.40GHz, 4 cores, 7G,  Windows 10 , 64 bit Build 19041 (10.0.19041.4957)
Time: Fri Nov 15 23:32:51 2024 Pakistan Standard Time elapsed time: 3.359732 seconds (0d 0h 0m 3s)

---------------  T H R E A D  ---------------

Current thread (0x0000027e47f8d910):  JavaThread "Monitor Ctrl-Break" daemon [_thread_in_vm, id=7380, stack(0x00000087de400000,0x00000087de500000) (1024K)]

Stack: [0x00000087de400000,0x00000087de500000]
Native frames: (J=compiled Java code, j=interpreted, Vv=VM code, C=native code)
V  [jvm.dll+0x6e08a9]  (no source info available)
V  [jvm.dll+0x87da63]  (no source info available)
V  [jvm.dll+0x87feee]  (no source info available)
V  [jvm.dll+0x8805c3]  (no source info available)
V  [jvm.dll+0x27aee6]  (no source info available)
V  [jvm.dll+0x87966e]  (no source info available)
V  [jvm.dll+0x682025]  (no source info available)
V  [jvm.dll+0x68208a]  (no source info available)
V  [jvm.dll+0x6848ca]  (no source info available)
V  [jvm.dll+0x2219dc]  (no source info available)
V  [jvm.dll+0x682a3e]  (no source info available)
V  [jvm.dll+0x68ce18]  (no source info available)
V  [jvm.dll+0x211fe1]  (no source info available)
V  [jvm.dll+0x21244a]  (no source info available)
V  [jvm.dll+0x212e71]  (no source info available)
V  [jvm.dll+0x20811e]  (no source info available)
V  [jvm.dll+0x5be6df]  (no source info available)
V  [jvm.dll+0x219b2b]  (no source info available)
V  [jvm.dll+0x7f30c0]  (no source info available)
V  [jvm.dll+0x7f4166]  (no source info available)
V  [jvm.dll+0x7f4774]  (no source info available)
V  [jvm.dll+0x47ce3b]  (no source info available)
C  [java.dll+0x1a15]  (no source info available)
C  0x0000027e3ffecc2e  (no source info available)

The last pc belongs to native method entry point (kind = native) (printed below).
Java frames: (J=compiled Java code, j=interpreted, Vv=VM code)
j  java.lang.ClassLoader.findBootstrapClass(Ljava/lang/String;)Ljava/lang/Class;+0 java.base@23
j  java.lang.ClassLoader.findBootstrapClassOrNull(Ljava/lang/String;)Ljava/lang/Class;+10 java.base@23
j  java.lang.System$2.findBootstrapClassOrNull(Ljava/lang/String;)Ljava/lang/Class;+1 java.base@23
j  jdk.internal.loader.ClassLoaders$BootClassLoader.loadClassOrNull(Ljava/lang/String;Z)Ljava/lang/Class;+4 java.base@23
j  jdk.internal.loader.BuiltinClassLoader.loadClassOrNull(Ljava/lang/String;)Ljava/lang/Class;+3 java.base@23
j  jdk.internal.loader.BuiltinClassLoader.loadClassOrNull(Ljava/lang/String;Z)Ljava/lang/Class;+66 java.base@23
j  jdk.internal.loader.BuiltinClassLoader.loadClass(Ljava/lang/String;Z)Ljava/lang/Class;+3 java.base@23
j  jdk.internal.loader.ClassLoaders$AppClassLoader.loadClass(Ljava/lang/String;Z)Ljava/lang/Class;+36 java.base@23
j  java.lang.ClassLoader.loadClass(Ljava/lang/String;)Ljava/lang/Class;+3 java.base@23
v  ~StubRoutines::call_stub 0x0000027e3ffe0fcd
j  com.intellij.rt.execution.application.AppMainV2$1.run()V+14
v  ~StubRoutines::call_stub 0x0000027e3ffe0fcd
Lock stack of current Java thread (top to bottom):
LockStack[0]: java.lang.Object 
{0x00000000896fa640} - klass: 'java/lang/Object'
 - ---- fields (total size 2 words):

native method entry point (kind = native)  [0x0000027e3ffec840, 0x0000027e3ffed360]  2848 bytes
[MachCode]
  0x0000027e3ffec840: 488b 4b08 | 0fb7 492e | 584c 8d74 | ccf8 6800 | 0000 0068 | 0000 0000 | 5055 488b | ec41 5568 
  0x0000027e3ffec860: 0000 0000 | 4c8b 6b08 | 4d8d 6d38 | 5348 8b53 | 0848 8b52 | 0848 8b52 | 1848 8b52 | 7048 8b12 
  0x0000027e3ffec880: 5268 0000 | 0000 488b | 5308 488b | 5208 488b | 5210 5249 | 8bc6 482b | c548 c1e8 | 0350 6800 
  0x0000027e3ffec8a0: 0000 0068 | f7ff ffff | 41c6 8771 | 0400 0001 | 488b 4318 | 4885 c00f | 85b0 0000 | 00e8 0500 
  0x0000027e3ffec8c0: 0000 e999 | 0000 0048 | 8bd3 488d | 4424 084c | 896d c049 | 8bcf c5f8 | 7749 89af | b003 0000 
  0x0000027e3ffec8e0: 4989 87a0 | 0300 0048 | 83ec 2040 | f6c4 0f0f | 8419 0000 | 0048 83ec | 0848 b890 | 26ee 96fe 
  0x0000027e3ffec900: 7f00 00ff | d048 83c4 | 08e9 0c00 | 0000 48b8 | 9026 ee96 | fe7f 0000 | ffd0 4883 | c420 49c7 
  0x0000027e3ffec920: 87a0 0300 | 0000 0000 | 0049 c787 | b003 0000 | 0000 0000 | 49c7 87a8 | 0300 0000 | 0000 00c5 
  0x0000027e3ffec940: f877 4983 | 7f08 000f | 8405 0000 | 00e9 6e45 | ffff 4c8b | 6dc0 4c8b | 75c8 4e8d | 74f5 00c3 
  0x0000027e3ffec960: 488b 4318 | 4885 c00f | 8412 0000 | 008b 4808 | 83c1 0289 | 4808 2348 | 1c0f 842c | 0900 0049 
  0x0000027e3ffec980: 3ba7 e804 | 0000 0f87 | 4800 0000 | 8984 2400 | f0ff ff89 | 8424 00e0 | ffff 8984 | 2400 d0ff 
  0x0000027e3ffec9a0: ff89 8424 | 00c0 ffff | 8984 2400 | b0ff ff89 | 8424 00a0 | ffff 8984 | 2400 90ff | ff89 8424 
  0x0000027e3ffec9c0: 0080 ffff | 493b a7e0 | 0400 0076 | 0749 89a7 | e804 0000 | 41c6 8771 | 0400 0000 | 49ba 41ad 
  0x0000027e3ffec9e0: 7597 fe7f | 0000 4180 | 3a00 0f84 | 3e00 0000 | 488b 55e8 | 498b cf48 | 83ec 2040 | f6c4 0f0f 
  0x0000027e3ffeca00: 8419 0000 | 0048 83ec | 0848 b800 | ee25 97fe | 7f00 00ff | d048 83c4 | 08e9 0c00 | 0000 48b8 
  0x0000027e3ffeca20: 00ee 2597 | fe7f 0000 | ffd0 4883 | c420 488b | 5de8 4c8b | 5b08 450f | b75b 2e41 | c1e3 0349 
  0x0000027e3ffeca40: 2be3 4883 | ec20 4883 | e4f0 4c8b | 5b60 4d85 | db0f 85ab | 0000 00e8 | 0500 0000 | e999 0000 
  0x0000027e3ffeca60: 0048 8bd3 | 488d 4424 | 084c 896d | c049 8bcf | c5f8 7749 | 89af b003 | 0000 4989 | 87a0 0300 
  0x0000027e3ffeca80: 0048 83ec | 2040 f6c4 | 0f0f 8419 | 0000 0048 | 83ec 0848 | b8f0 4dee | 96fe 7f00 | 00ff d048 
  0x0000027e3ffecaa0: 83c4 08e9 | 0c00 0000 | 48b8 f04d | ee96 fe7f | 0000 ffd0 | 4883 c420 | 49c7 87a0 | 0300 0000 
  0x0000027e3ffecac0: 0000 0049 | c787 b003 | 0000 0000 | 0000 49c7 | 87a8 0300 | 0000 0000 | 00c5 f877 | 4983 7f08 
  0x0000027e3ffecae0: 000f 8405 | 0000 00e9 | d443 ffff | 4c8b 6dc0 | 4c8b 75c8 | 4e8d 74f5 | 00c3 488b | 5de8 4c8b 
  0x0000027e3ffecb00: 5b60 41ff | d348 8b5d | e848 8945 | 1844 8b5b | 2841 f6c3 | 080f 841b | 0000 004c | 8b5b 084d 
  0x0000027e3ffecb20: 8b5b 084d | 8b5b 184d | 8b5b 704d | 8b1b 4c89 | 5d10 488d | 5510 488b | 4358 49ba | 503c 2697 
  0x0000027e3ffecb40: fe7f 0000 | 493b c20f | 85ab 0000 | 00e8 0500 | 0000 e999 | 0000 0048 | 8bd3 488d | 4424 084c 
  0x0000027e3ffecb60: 896d c049 | 8bcf c5f8 | 7749 89af | b003 0000 | 4989 87a0 | 0300 0048 | 83ec 2040 | f6c4 0f0f 
  0x0000027e3ffecb80: 8419 0000 | 0048 83ec | 0848 b8f0 | 4dee 96fe | 7f00 00ff | d048 83c4 | 08e9 0c00 | 0000 48b8 
  0x0000027e3ffecba0: f04d ee96 | fe7f 0000 | ffd0 4883 | c420 49c7 | 87a0 0300 | 0000 0000 | 0049 c787 | b003 0000 
  0x0000027e3ffecbc0: 0000 0000 | 49c7 87a8 | 0300 0000 | 0000 00c5 | f877 4983 | 7f08 000f | 8405 0000 | 00e9 de42 
  0x0000027e3ffecbe0: ffff 4c8b | 6dc0 4c8b | 75c8 4e8d | 74f5 00c3 | 488b 5de8 | 488b 4358 | 498d 8fc0 | 0300 00c5 
  0x0000027e3ffecc00: f877 4989 | afb0 0300 | 0049 baff | cbfe 3f7e | 0200 004d | 8997 a803 | 0000 4989 | a7a0 0300 
  0x0000027e3ffecc20: 0041 c787 | 4404 0000 | 0400 0000 | ffd0 c5f8 | 7748 83ec | 10c5 fb11 | 0424 4883 | ec10 4889 
  0x0000027e3ffecc40: 0424 48c7 | 4424 0800 | 0000 0041 | c787 4404 | 0000 0500 | 0000 f083 | 4424 c000 | 493b af48 
  0x0000027e3ffecc60: 0400 000f | 870e 0000 | 0041 83bf | 4004 0000 | 000f 8420 | 0000 0049 | 8bcf 4c8b | e448 83ec 
  0x0000027e3ffecc80: 2048 83e4 | f048 b890 | a9ef 96fe | 7f00 00ff | d049 8be4 | 4d33 e441 | c787 4404 | 0000 0800 
  0x0000027e3ffecca0: 0000 49c7 | 87a0 0300 | 0000 0000 | 0049 c787 | b003 0000 | 0000 0000 | 49c7 87a8 | 0300 0000 
  0x0000027e3ffeccc0: 0000 00c5 | f877 4d8b | 9f30 0400 | 0041 c783 | 0001 0000 | 0000 0000 | 49bb 5aa2 | fe3f 7e02 
  0x0000027e3ffecce0: 0000 4c3b | 5d18 0f85 | 2402 0000 | 488b 0424 | 4883 c410 | 4885 c00f | 84fe 0100 | 00a8 030f 
  0x0000027e3ffecd00: 8508 0000 | 0048 8b00 | e9ee 0100 | 00a8 010f | 8509 0000 | 0048 8b40 | fee9 dd01 | 0000 488b 
  0x0000027e3ffecd20: 40ff 4180 | 7f38 000f | 84ce 0100 | 0048 83f8 | 000f 84c4 | 0100 004d | 8b5f 2849 | 83fb 000f 
  0x0000027e3ffecd40: 8414 0000 | 0049 83eb | 084d 895f | 284d 035f | 3049 8903 | e9a2 0100 | 0048 81ec | d000 0000 
  0x0000027e3ffecd60: 4889 0424 | 4889 4c24 | 0848 8954 | 2410 4889 | 7424 1848 | 897c 2420 | 4c89 4424 | 284c 894c 
  0x0000027e3ffecd80: 2430 4c89 | 5424 384c | 895c 2440 | c5fb 1144 | 2450 c5fb | 114c 2458 | c5fb 1154 | 2460 c5fb 
  0x0000027e3ffecda0: 115c 2468 | c5fb 1164 | 2470 c5fb | 116c 2478 | c5fb 11b4 | 2480 0000 | 00c5 fb11 | bc24 8800 
  0x0000027e3ffecdc0: 0000 c57b | 1184 2490 | 0000 00c5 | 7b11 8c24 | 9800 0000 | c57b 1194 | 24a0 0000 | 00c5 7b11 
  0x0000027e3ffecde0: 9c24 a800 | 0000 c57b | 11a4 24b0 | 0000 00c5 | 7b11 ac24 | b800 0000 | c57b 11b4 | 24c0 0000 
  0x0000027e3ffece00: 00c5 7b11 | bc24 c800 | 0000 498b | d748 8bc8 | 4883 ec20 | 40f6 c40f | 0f84 1900 | 0000 4883 
  0x0000027e3ffece20: ec08 48b8 | e007 e396 | fe7f 0000 | ffd0 4883 | c408 e90c | 0000 0048 | b8e0 07e3 | 96fe 7f00 
  0x0000027e3ffece40: 00ff d048 | 83c4 20c5 | 7b10 bc24 | c800 0000 | c57b 10b4 | 24c0 0000 | 00c5 7b10 | ac24 b800 
  0x0000027e3ffece60: 0000 c57b | 10a4 24b0 | 0000 00c5 | 7b10 9c24 | a800 0000 | c57b 1094 | 24a0 0000 | 00c5 7b10 
  0x0000027e3ffece80: 8c24 9800 | 0000 c57b | 1084 2490 | 0000 00c5 | fb10 bc24 | 8800 0000 | c5fb 10b4 | 2480 0000 
  0x0000027e3ffecea0: 00c5 fb10 | 6c24 78c5 | fb10 6424 | 70c5 fb10 | 5c24 68c5 | fb10 5424 | 60c5 fb10 | 4c24 58c5 
  0x0000027e3ffecec0: fb10 4424 | 504c 8b5c | 2440 4c8b | 5424 384c | 8b4c 2430 | 4c8b 4424 | 2848 8b7c | 2420 488b 
  0x0000027e3ffecee0: 7424 1848 | 8b54 2410 | 488b 4c24 | 0848 8b04 | 2448 81c4 | d000 0000 | c5f8 7748 | 8945 1048 
  0x0000027e3ffecf00: 83ec 1048 | 8904 2448 | c744 2408 | 0000 0000 | 4183 bfc8 | 0400 0002 | 0f85 bf00 | 0000 4881 
  0x0000027e3ffecf20: ec80 0000 | 0048 8944 | 2478 4889 | 4c24 7048 | 8954 2468 | 4889 5c24 | 6048 896c | 2450 4889 
  0x0000027e3ffecf40: 7424 4848 | 897c 2440 | 4c89 4424 | 384c 894c | 2430 4c89 | 5424 284c | 895c 2420 | 4c89 6424 
  0x0000027e3ffecf60: 184c 896c | 2410 4c89 | 7424 084c | 893c 244c | 8be4 4883 | ec20 4883 | e4f0 48b8 | b022 2697 
  0x0000027e3ffecf80: fe7f 0000 | ffd0 498b | e44c 8b3c | 244c 8b74 | 2408 4c8b | 6c24 104c | 8b64 2418 | 4c8b 5c24 
  0x0000027e3ffecfa0: 204c 8b54 | 2428 4c8b | 4c24 304c | 8b44 2438 | 488b 7c24 | 4048 8b74 | 2448 488b | 6c24 5048 
  0x0000027e3ffecfc0: 8b5c 2460 | 488b 5424 | 6848 8b4c | 2470 488b | 4424 7848 | 81c4 8000 | 0000 4d33 | e448 8b5d 
  0x0000027e3ffecfe0: e84c 8b6b | 084d 8d6d | 3849 837f | 0800 0f84 | bb00 0000 | e805 0000 | 00e9 9600 | 0000 488d 
  0x0000027e3ffed000: 4424 084c | 896d c049 | 8bcf c5f8 | 7749 89af | b003 0000 | 4989 87a0 | 0300 0048 | 83ec 2040 
  0x0000027e3ffed020: f6c4 0f0f | 8419 0000 | 0048 83ec | 0848 b800 | 6cee 96fe | 7f00 00ff | d048 83c4 | 08e9 0c00 
  0x0000027e3ffed040: 0000 48b8 | 006c ee96 | fe7f 0000 | ffd0 4883 | c420 49c7 | 87a0 0300 | 0000 0000 | 0049 c787 
  0x0000027e3ffed060: b003 0000 | 0000 0000 | 49c7 87a8 | 0300 0000 | 0000 00c5 | f877 4983 | 7f08 000f | 8405 0000 
  0x0000027e3ffed080: 00e9 3a3e | ffff 4c8b | 6dc0 4c8b | 75c8 4e8d | 74f5 00c3 | 48b9 40d5 | 4d97 fe7f | 0000 4883 
  0x0000027e3ffed0a0: e4f0 48b8 | 604a 1497 | fe7f 0000 | ffd0 f444 | 8b5b 2841 | f6c3 200f | 8479 0100 | 0048 8d55 
  0x0000027e3ffed0c0: a84c 8b5a | 084d 85db | 0f85 bb00 | 0000 e805 | 0000 00e9 | 9600 0000 | 488d 4424 | 084c 896d 
  0x0000027e3ffed0e0: c049 8bcf | c5f8 7749 | 89af b003 | 0000 4989 | 87a0 0300 | 0048 83ec | 2040 f6c4 | 0f0f 8419 
  0x0000027e3ffed100: 0000 0048 | 83ec 0848 | b830 6bee | 96fe 7f00 | 00ff d048 | 83c4 08e9 | 0c00 0000 | 48b8 306b 
  0x0000027e3ffed120: ee96 fe7f | 0000 ffd0 | 4883 c420 | 49c7 87a0 | 0300 0000 | 0000 0049 | c787 b003 | 0000 0000 
  0x0000027e3ffed140: 0000 49c7 | 87a8 0300 | 0000 0000 | 00c5 f877 | 4983 7f08 | 000f 8405 | 0000 00e9 | 603d ffff 
  0x0000027e3ffed160: 4c8b 6dc0 | 4c8b 75c8 | 4e8d 74f5 | 00c3 48b9 | 40d5 4d97 | fe7f 0000 | 4883 e4f0 | 48b8 604a 
  0x0000027e3ffed180: 1497 fe7f | 0000 ffd0 | f44c 896d | c04c 8b4a | 0848 c742 | 0800 0000 | 0045 8b87 | 1806 0000 
  0x0000027e3ffed1a0: 4f3b 4c07 | f80f 8549 | 0000 0041 | 83af 1806 | 0000 084f | 3b4c 07f0 | 0f84 2a00 | 0000 498b 
  0x0000027e3ffed1c0: 01a8 020f | 8512 0000 | 004c 8bc0 | 4983 c801 | f04d 0fb1 | 010f 840d | 0000 0041 | 8387 1806 
  0x0000027e3ffed1e0: 0000 08e9 | 0c00 0000 | 49ff 8f50 | 0500 00e9 | 3e00 0000 | 4c89 4a08 | 488b ca48 | 83ec 2040 
  0x0000027e3ffed200: f6c4 0f0f | 8419 0000 | 0048 83ec | 0848 b8f0 | 3dee 96fe | 7f00 00ff | d048 83c4 | 08e9 0c00 
  0x0000027e3ffed220: 0000 48b8 | f03d ee96 | fe7f 0000 | ffd0 4883 | c420 4c8b | 6dc0 49ba | 41ad 7597 | fe7f 0000 
  0x0000027e3ffed240: 4180 3a00 | 0f84 3e00 | 0000 488b | 55e8 498b | cf48 83ec | 2040 f6c4 | 0f0f 8419 | 0000 0048 
  0x0000027e3ffed260: 83ec 0848 | b800 ee25 | 97fe 7f00 | 00ff d048 | 83c4 08e9 | 0c00 0000 | 48b8 00ee | 2597 fe7f 
  0x0000027e3ffed280: 0000 ffd0 | 4883 c420 | 488b 0424 | 4883 c410 | c5fb 1004 | 2448 83c4 | 104c 8b5d | 1841 ffd3 
  0x0000027e3ffed2a0: 4c8b 5df8 | c95f 498b | e3ff e7ba | 0000 0000 | e805 0000 | 00e9 9600 | 0000 488d | 4424 084c 
  0x0000027e3ffed2c0: 896d c049 | 8bcf c5f8 | 7749 89af | b003 0000 | 4989 87a0 | 0300 0048 | 83ec 2040 | f6c4 0f0f 
  0x0000027e3ffed2e0: 8419 0000 | 0048 83ec | 0848 b8a0 | 31ee 96fe | 7f00 00ff | d048 83c4 | 08e9 0c00 | 0000 48b8 
  0x0000027e3ffed300: a031 ee96 | fe7f 0000 | ffd0 4883 | c420 49c7 | 87a0 0300 | 0000 0000 | 0049 c787 | b003 0000 
  0x0000027e3ffed320: 0000 0000 | 49c7 87a8 | 0300 0000 | 0000 00c5 | f877 4983 | 7f08 000f | 8405 0000 | 00e9 7e3b 
  0x0000027e3ffed340: ffff 4c8b | 6dc0 4c8b | 75c8 4e8d | 74f5 00c3 | 488b 5de8 | e926 f6ff | ff0f 1f80 | 0000 0000 
[/MachCode]

---------------  P R O C E S S  ---------------

Threads class SMR info:
_java_thread_list=0x0000027e47c534e0, length=13, elements={
0x0000027e378adc40, 0x0000027e47b2d190, 0x0000027e47b2e260, 0x0000027e47b31240,
0x0000027e47b32e10, 0x0000027e47b33870, 0x0000027e47b342d0, 0x0000027e47b34d30,
0x0000027e47c1e6e0, 0x0000027e47c98a30, 0x0000027e47c990f0, 0x0000027e47f8d910,
0x0000027e47f8e400
}

Java Threads: ( => current thread )
  0x0000027e378adc40 JavaThread "main"                              [_thread_in_vm, id=13484, stack(0x00000087dd200000,0x00000087dd300000) (1024K)]
  0x0000027e47b2d190 JavaThread "Reference Handler"          daemon [_thread_blocked, id=15764, stack(0x00000087dda00000,0x00000087ddb00000) (1024K)]
  0x0000027e47b2e260 JavaThread "Finalizer"                  daemon [_thread_blocked, id=16576, stack(0x00000087ddb00000,0x00000087ddc00000) (1024K)]
  0x0000027e47b31240 JavaThread "Signal Dispatcher"          daemon [_thread_blocked, id=10084, stack(0x00000087ddc00000,0x00000087ddd00000) (1024K)]
  0x0000027e47b32e10 JavaThread "Attach Listener"            daemon [_thread_blocked, id=16804, stack(0x00000087ddd00000,0x00000087dde00000) (1024K)]
  0x0000027e47b33870 JavaThread "Service Thread"             daemon [_thread_blocked, id=13684, stack(0x00000087dde00000,0x00000087ddf00000) (1024K)]
  0x0000027e47b342d0 JavaThread "Monitor Deflation Thread"   daemon [_thread_blocked, id=12828, stack(0x00000087ddf00000,0x00000087de000000) (1024K)]
  0x0000027e47b34d30 JavaThread "C1 CompilerThread0"         daemon [_thread_blocked, id=12136, stack(0x00000087de000000,0x00000087de100000) (1024K)]
  0x0000027e47c1e6e0 JavaThread "Common-Cleaner"             daemon [_thread_blocked, id=17116, stack(0x00000087de100000,0x00000087de200000) (1024K)]
  0x0000027e47c98a30 JavaThread "C1 CompilerThread1"         daemon [_thread_blocked, id=2584, stack(0x00000087de200000,0x00000087de300000) (1024K)]
  0x0000027e47c990f0 JavaThread "C1 CompilerThread2"         daemon [_thread_blocked, id=12088, stack(0x00000087de300000,0x00000087de400000) (1024K)]
=>0x0000027e47f8d910 JavaThread "Monitor Ctrl-Break"         daemon [_thread_in_vm, id=7380, stack(0x00000087de400000,0x00000087de500000) (1024K)]
  0x0000027e47f8e400 JavaThread "Notification Thread"        daemon [_thread_blocked, id=15156, stack(0x00000087de500000,0x00000087de600000) (1024K)]
Total: 13

Other Threads:
  0x0000027e47b10a20 VMThread "VM Thread"                           [id=5900, stack(0x00000087dd900000,0x00000087dda00000) (1024K)]
  0x0000027e47b00030 WatcherThread "VM Periodic Task Thread"        [id=4872, stack(0x00000087dd800000,0x00000087dd900000) (1024K)]
  0x0000027e37904160 WorkerThread "GC Thread#0"                     [id=11252, stack(0x00000087dd300000,0x00000087dd400000) (1024K)]
  0x0000027e37919420 ConcurrentGCThread "G1 Main Marker"            [id=3164, stack(0x00000087dd400000,0x00000087dd500000) (1024K)]
  0x0000027e3791b000 WorkerThread "G1 Conc#0"                       [id=6708, stack(0x00000087dd500000,0x00000087dd600000) (1024K)]
  0x0000027e3796e3f0 ConcurrentGCThread "G1 Refine#0"               [id=11548, stack(0x00000087dd600000,0x00000087dd700000) (1024K)]
  0x0000027e479c5ff0 ConcurrentGCThread "G1 Service"                [id=14352, stack(0x00000087dd700000,0x00000087dd800000) (1024K)]
Total: 7

Threads with active compile tasks:
Total: 0

VM state: not at safepoint (normal execution)

VM Mutex/Monitor currently owned by a thread:  ([mutex/lock_event])
[0x00007ffe97781890] Metaspace_lock - owner thread: 0x0000027e47f8d910

Heap address: 0x0000000081e00000, size: 2018 MB, Compressed Oops mode: 32-bit

CDS archive(s) mapped at: [0x0000027e48000000-0x0000027e48d70000-0x0000027e48d70000), size 14090240, SharedBaseAddress: 0x0000027e48000000, ArchiveRelocationMode: 1.
Compressed class space mapped at: 0x0000027e49000000-0x0000027e89000000, reserved size: 1073741824
Narrow klass base: 0x0000027e48000000, Narrow klass shift: 0, Narrow klass range: 0x41000000

GC Precious Log:
 CardTable entry size: 512
 Card Set container configuration: InlinePtr #cards 5 size 8 Array Of Cards #cards 10 size 36 Howl #buckets 4 coarsen threshold 1843 Howl Bitmap #cards 512 size 80 coarsen threshold 460 Card regions per heap region 1 cards per card region 2048
 CPUs: 4 total, 4 available
 Memory: 8071M
 Large Page Support: Disabled
 NUMA Support: Disabled
 Compressed Oops: Enabled (32-bit)
 Heap Region Size: 1M
 Heap Min Capacity: 8M
 Heap Initial Capacity: 128M
 Heap Max Capacity: 2018M
 Pre-touch: Disabled
 Parallel Workers: 4
 Concurrent Workers: 1
 Concurrent Refinement Workers: 4
 Periodic GC: Disabled

Heap:
 garbage-first heap   total reserved 2066432K, committed 131072K, used 7168K [0x0000000081e00000, 0x0000000100000000)
  region size 1024K, 8 young (8192K), 0 survivors (0K)
 Metaspace       used 733K, committed 832K, reserved 1114112K
  class space    used 68K, committed 128K, reserved 1048576K

Heap Regions: E=young(eden), S=young(survivor), O=old, HS=humongous(starts), HC=humongous(continues), CS=collection set, F=free, TAMS=top-at-mark-start, PB=parsable bottom
|   0|0x0000000081e00000, 0x0000000081f00000, 0x0000000081f00000|100%|HS|  |TAMS 0x0000000081e00000| PB 0x0000000081e00000| Complete |  0
|   1|0x0000000081f00000, 0x0000000081f00000, 0x0000000082000000|  0%| F|  |TAMS 0x0000000081f00000| PB 0x0000000081f00000| Untracked |  0
|   2|0x0000000082000000, 0x0000000082000000, 0x0000000082100000|  0%| F|  |TAMS 0x0000000082000000| PB 0x0000000082000000| Untracked |  0
|   3|0x0000000082100000, 0x0000000082100000, 0x0000000082200000|  0%| F|  |TAMS 0x0000000082100000| PB 0x0000000082100000| Untracked |  0
|   4|0x0000000082200000, 0x0000000082200000, 0x0000000082300000|  0%| F|  |TAMS 0x0000000082200000| PB 0x0000000082200000| Untracked |  0
|   5|0x0000000082300000, 0x0000000082300000, 0x0000000082400000|  0%| F|  |TAMS 0x0000000082300000| PB 0x0000000082300000| Untracked |  0
|   6|0x0000000082400000, 0x0000000082400000, 0x0000000082500000|  0%| F|  |TAMS 0x0000000082400000| PB 0x0000000082400000| Untracked |  0
|   7|0x0000000082500000, 0x0000000082500000, 0x0000000082600000|  0%| F|  |TAMS 0x0000000082500000| PB 0x0000000082500000| Untracked |  0
|   8|0x0000000082600000, 0x0000000082600000, 0x0000000082700000|  0%| F|  |TAMS 0x0000000082600000| PB 0x0000000082600000| Untracked |  0
|   9|0x0000000082700000, 0x0000000082700000, 0x0000000082800000|  0%| F|  |TAMS 0x0000000082700000| PB 0x0000000082700000| Untracked |  0
|  10|0x0000000082800000, 0x0000000082800000, 0x0000000082900000|  0%| F|  |TAMS 0x0000000082800000| PB 0x0000000082800000| Untracked |  0
|  11|0x0000000082900000, 0x0000000082900000, 0x0000000082a00000|  0%| F|  |TAMS 0x0000000082900000| PB 0x0000000082900000| Untracked |  0
|  12|0x0000000082a00000, 0x0000000082a00000, 0x0000000082b00000|  0%| F|  |TAMS 0x0000000082a00000| PB 0x0000000082a00000| Untracked |  0
|  13|0x0000000082b00000, 0x0000000082b00000, 0x0000000082c00000|  0%| F|  |TAMS 0x0000000082b00000| PB 0x0000000082b00000| Untracked |  0
|  14|0x0000000082c00000, 0x0000000082c00000, 0x0000000082d00000|  0%| F|  |TAMS 0x0000000082c00000| PB 0x0000000082c00000| Untracked |  0
|  15|0x0000000082d00000, 0x0000000082d00000, 0x0000000082e00000|  0%| F|  |TAMS 0x0000000082d00000| PB 0x0000000082d00000| Untracked |  0
|  16|0x0000000082e00000, 0x0000000082e00000, 0x0000000082f00000|  0%| F|  |TAMS 0x0000000082e00000| PB 0x0000000082e00000| Untracked |  0
|  17|0x0000000082f00000, 0x0000000082f00000, 0x0000000083000000|  0%| F|  |TAMS 0x0000000082f00000| PB 0x0000000082f00000| Untracked |  0
|  18|0x0000000083000000, 0x0000000083000000, 0x0000000083100000|  0%| F|  |TAMS 0x0000000083000000| PB 0x0000000083000000| Untracked |  0
|  19|0x0000000083100000, 0x0000000083100000, 0x0000000083200000|  0%| F|  |TAMS 0x0000000083100000| PB 0x0000000083100000| Untracked |  0
|  20|0x0000000083200000, 0x0000000083200000, 0x0000000083300000|  0%| F|  |TAMS 0x0000000083200000| PB 0x0000000083200000| Untracked |  0
|  21|0x0000000083300000, 0x0000000083300000, 0x0000000083400000|  0%| F|  |TAMS 0x0000000083300000| PB 0x0000000083300000| Untracked |  0
|  22|0x0000000083400000, 0x0000000083400000, 0x0000000083500000|  0%| F|  |TAMS 0x0000000083400000| PB 0x0000000083400000| Untracked |  0
|  23|0x0000000083500000, 0x0000000083500000, 0x0000000083600000|  0%| F|  |TAMS 0x0000000083500000| PB 0x0000000083500000| Untracked |  0
|  24|0x0000000083600000, 0x0000000083600000, 0x0000000083700000|  0%| F|  |TAMS 0x0000000083600000| PB 0x0000000083600000| Untracked |  0
|  25|0x0000000083700000, 0x0000000083700000, 0x0000000083800000|  0%| F|  |TAMS 0x0000000083700000| PB 0x0000000083700000| Untracked |  0
|  26|0x0000000083800000, 0x0000000083800000, 0x0000000083900000|  0%| F|  |TAMS 0x0000000083800000| PB 0x0000000083800000| Untracked |  0
|  27|0x0000000083900000, 0x0000000083900000, 0x0000000083a00000|  0%| F|  |TAMS 0x0000000083900000| PB 0x0000000083900000| Untracked |  0
|  28|0x0000000083a00000, 0x0000000083a00000, 0x0000000083b00000|  0%| F|  |TAMS 0x0000000083a00000| PB 0x0000000083a00000| Untracked |  0
|  29|0x0000000083b00000, 0x0000000083b00000, 0x0000000083c00000|  0%| F|  |TAMS 0x0000000083b00000| PB 0x0000000083b00000| Untracked |  0
|  30|0x0000000083c00000, 0x0000000083c00000, 0x0000000083d00000|  0%| F|  |TAMS 0x0000000083c00000| PB 0x0000000083c00000| Untracked |  0
|  31|0x0000000083d00000, 0x0000000083d00000, 0x0000000083e00000|  0%| F|  |TAMS 0x0000000083d00000| PB 0x0000000083d00000| Untracked |  0
|  32|0x0000000083e00000, 0x0000000083e00000, 0x0000000083f00000|  0%| F|  |TAMS 0x0000000083e00000| PB 0x0000000083e00000| Untracked |  0
|  33|0x0000000083f00000, 0x0000000083f00000, 0x0000000084000000|  0%| F|  |TAMS 0x0000000083f00000| PB 0x0000000083f00000| Untracked |  0
|  34|0x0000000084000000, 0x0000000084000000, 0x0000000084100000|  0%| F|  |TAMS 0x0000000084000000| PB 0x0000000084000000| Untracked |  0
|  35|0x0000000084100000, 0x0000000084100000, 0x0000000084200000|  0%| F|  |TAMS 0x0000000084100000| PB 0x0000000084100000| Untracked |  0
|  36|0x0000000084200000, 0x0000000084200000, 0x0000000084300000|  0%| F|  |TAMS 0x0000000084200000| PB 0x0000000084200000| Untracked |  0
|  37|0x0000000084300000, 0x0000000084300000, 0x0000000084400000|  0%| F|  |TAMS 0x0000000084300000| PB 0x0000000084300000| Untracked |  0
|  38|0x0000000084400000, 0x0000000084400000, 0x0000000084500000|  0%| F|  |TAMS 0x0000000084400000| PB 0x0000000084400000| Untracked |  0
|  39|0x0000000084500000, 0x0000000084500000, 0x0000000084600000|  0%| F|  |TAMS 0x0000000084500000| PB 0x0000000084500000| Untracked |  0
|  40|0x0000000084600000, 0x0000000084600000, 0x0000000084700000|  0%| F|  |TAMS 0x0000000084600000| PB 0x0000000084600000| Untracked |  0
|  41|0x0000000084700000, 0x0000000084700000, 0x0000000084800000|  0%| F|  |TAMS 0x0000000084700000| PB 0x0000000084700000| Untracked |  0
|  42|0x0000000084800000, 0x0000000084800000, 0x0000000084900000|  0%| F|  |TAMS 0x0000000084800000| PB 0x0000000084800000| Untracked |  0
|  43|0x0000000084900000, 0x0000000084900000, 0x0000000084a00000|  0%| F|  |TAMS 0x0000000084900000| PB 0x0000000084900000| Untracked |  0
|  44|0x0000000084a00000, 0x0000000084a00000, 0x0000000084b00000|  0%| F|  |TAMS 0x0000000084a00000| PB 0x0000000084a00000| Untracked |  0
|  45|0x0000000084b00000, 0x0000000084b00000, 0x0000000084c00000|  0%| F|  |TAMS 0x0000000084b00000| PB 0x0000000084b00000| Untracked |  0
|  46|0x0000000084c00000, 0x0000000084c00000, 0x0000000084d00000|  0%| F|  |TAMS 0x0000000084c00000| PB 0x0000000084c00000| Untracked |  0
|  47|0x0000000084d00000, 0x0000000084d00000, 0x0000000084e00000|  0%| F|  |TAMS 0x0000000084d00000| PB 0x0000000084d00000| Untracked |  0
|  48|0x0000000084e00000, 0x0000000084e00000, 0x0000000084f00000|  0%| F|  |TAMS 0x0000000084e00000| PB 0x0000000084e00000| Untracked |  0
|  49|0x0000000084f00000, 0x0000000084f00000, 0x0000000085000000|  0%| F|  |TAMS 0x0000000084f00000| PB 0x0000000084f00000| Untracked |  0
|  50|0x0000000085000000, 0x0000000085000000, 0x0000000085100000|  0%| F|  |TAMS 0x0000000085000000| PB 0x0000000085000000| Untracked |  0
|  51|0x0000000085100000, 0x0000000085100000, 0x0000000085200000|  0%| F|  |TAMS 0x0000000085100000| PB 0x0000000085100000| Untracked |  0
|  52|0x0000000085200000, 0x0000000085200000, 0x0000000085300000|  0%| F|  |TAMS 0x0000000085200000| PB 0x0000000085200000| Untracked |  0
|  53|0x0000000085300000, 0x0000000085300000, 0x0000000085400000|  0%| F|  |TAMS 0x0000000085300000| PB 0x0000000085300000| Untracked |  0
|  54|0x0000000085400000, 0x0000000085400000, 0x0000000085500000|  0%| F|  |TAMS 0x0000000085400000| PB 0x0000000085400000| Untracked |  0
|  55|0x0000000085500000, 0x0000000085500000, 0x0000000085600000|  0%| F|  |TAMS 0x0000000085500000| PB 0x0000000085500000| Untracked |  0
|  56|0x0000000085600000, 0x0000000085600000, 0x0000000085700000|  0%| F|  |TAMS 0x0000000085600000| PB 0x0000000085600000| Untracked |  0
|  57|0x0000000085700000, 0x0000000085700000, 0x0000000085800000|  0%| F|  |TAMS 0x0000000085700000| PB 0x0000000085700000| Untracked |  0
|  58|0x0000000085800000, 0x0000000085800000, 0x0000000085900000|  0%| F|  |TAMS 0x0000000085800000| PB 0x0000000085800000| Untracked |  0
|  59|0x0000000085900000, 0x0000000085900000, 0x0000000085a00000|  0%| F|  |TAMS 0x0000000085900000| PB 0x0000000085900000| Untracked |  0
|  60|0x0000000085a00000, 0x0000000085a00000, 0x0000000085b00000|  0%| F|  |TAMS 0x0000000085a00000| PB 0x0000000085a00000| Untracked |  0
|  61|0x0000000085b00000, 0x0000000085b00000, 0x0000000085c00000|  0%| F|  |TAMS 0x0000000085b00000| PB 0x0000000085b00000| Untracked |  0
|  62|0x0000000085c00000, 0x0000000085c00000, 0x0000000085d00000|  0%| F|  |TAMS 0x0000000085c00000| PB 0x0000000085c00000| Untracked |  0
|  63|0x0000000085d00000, 0x0000000085d00000, 0x0000000085e00000|  0%| F|  |TAMS 0x0000000085d00000| PB 0x0000000085d00000| Untracked |  0
|  64|0x0000000085e00000, 0x0000000085e00000, 0x0000000085f00000|  0%| F|  |TAMS 0x0000000085e00000| PB 0x0000000085e00000| Untracked |  0
|  65|0x0000000085f00000, 0x0000000085f00000, 0x0000000086000000|  0%| F|  |TAMS 0x0000000085f00000| PB 0x0000000085f00000| Untracked |  0
|  66|0x0000000086000000, 0x0000000086000000, 0x0000000086100000|  0%| F|  |TAMS 0x0000000086000000| PB 0x0000000086000000| Untracked |  0
|  67|0x0000000086100000, 0x0000000086100000, 0x0000000086200000|  0%| F|  |TAMS 0x0000000086100000| PB 0x0000000086100000| Untracked |  0
|  68|0x0000000086200000, 0x0000000086200000, 0x0000000086300000|  0%| F|  |TAMS 0x0000000086200000| PB 0x0000000086200000| Untracked |  0
|  69|0x0000000086300000, 0x0000000086300000, 0x0000000086400000|  0%| F|  |TAMS 0x0000000086300000| PB 0x0000000086300000| Untracked |  0
|  70|0x0000000086400000, 0x0000000086400000, 0x0000000086500000|  0%| F|  |TAMS 0x0000000086400000| PB 0x0000000086400000| Untracked |  0
|  71|0x0000000086500000, 0x0000000086500000, 0x0000000086600000|  0%| F|  |TAMS 0x0000000086500000| PB 0x0000000086500000| Untracked |  0
|  72|0x0000000086600000, 0x0000000086600000, 0x0000000086700000|  0%| F|  |TAMS 0x0000000086600000| PB 0x0000000086600000| Untracked |  0
|  73|0x0000000086700000, 0x0000000086700000, 0x0000000086800000|  0%| F|  |TAMS 0x0000000086700000| PB 0x0000000086700000| Untracked |  0
|  74|0x0000000086800000, 0x0000000086800000, 0x0000000086900000|  0%| F|  |TAMS 0x0000000086800000| PB 0x0000000086800000| Untracked |  0
|  75|0x0000000086900000, 0x0000000086900000, 0x0000000086a00000|  0%| F|  |TAMS 0x0000000086900000| PB 0x0000000086900000| Untracked |  0
|  76|0x0000000086a00000, 0x0000000086a00000, 0x0000000086b00000|  0%| F|  |TAMS 0x0000000086a00000| PB 0x0000000086a00000| Untracked |  0
|  77|0x0000000086b00000, 0x0000000086b00000, 0x0000000086c00000|  0%| F|  |TAMS 0x0000000086b00000| PB 0x0000000086b00000| Untracked |  0
|  78|0x0000000086c00000, 0x0000000086c00000, 0x0000000086d00000|  0%| F|  |TAMS 0x0000000086c00000| PB 0x0000000086c00000| Untracked |  0
|  79|0x0000000086d00000, 0x0000000086d00000, 0x0000000086e00000|  0%| F|  |TAMS 0x0000000086d00000| PB 0x0000000086d00000| Untracked |  0
|  80|0x0000000086e00000, 0x0000000086e00000, 0x0000000086f00000|  0%| F|  |TAMS 0x0000000086e00000| PB 0x0000000086e00000| Untracked |  0
|  81|0x0000000086f00000, 0x0000000086f00000, 0x0000000087000000|  0%| F|  |TAMS 0x0000000086f00000| PB 0x0000000086f00000| Untracked |  0
|  82|0x0000000087000000, 0x0000000087000000, 0x0000000087100000|  0%| F|  |TAMS 0x0000000087000000| PB 0x0000000087000000| Untracked |  0
|  83|0x0000000087100000, 0x0000000087100000, 0x0000000087200000|  0%| F|  |TAMS 0x0000000087100000| PB 0x0000000087100000| Untracked |  0
|  84|0x0000000087200000, 0x0000000087200000, 0x0000000087300000|  0%| F|  |TAMS 0x0000000087200000| PB 0x0000000087200000| Untracked |  0
|  85|0x0000000087300000, 0x0000000087300000, 0x0000000087400000|  0%| F|  |TAMS 0x0000000087300000| PB 0x0000000087300000| Untracked |  0
|  86|0x0000000087400000, 0x0000000087400000, 0x0000000087500000|  0%| F|  |TAMS 0x0000000087400000| PB 0x0000000087400000| Untracked |  0
|  87|0x0000000087500000, 0x0000000087500000, 0x0000000087600000|  0%| F|  |TAMS 0x0000000087500000| PB 0x0000000087500000| Untracked |  0
|  88|0x0000000087600000, 0x0000000087600000, 0x0000000087700000|  0%| F|  |TAMS 0x0000000087600000| PB 0x0000000087600000| Untracked |  0
|  89|0x0000000087700000, 0x0000000087700000, 0x0000000087800000|  0%| F|  |TAMS 0x0000000087700000| PB 0x0000000087700000| Untracked |  0
|  90|0x0000000087800000, 0x0000000087800000, 0x0000000087900000|  0%| F|  |TAMS 0x0000000087800000| PB 0x0000000087800000| Untracked |  0
|  91|0x0000000087900000, 0x0000000087900000, 0x0000000087a00000|  0%| F|  |TAMS 0x0000000087900000| PB 0x0000000087900000| Untracked |  0
|  92|0x0000000087a00000, 0x0000000087a00000, 0x0000000087b00000|  0%| F|  |TAMS 0x0000000087a00000| PB 0x0000000087a00000| Untracked |  0
|  93|0x0000000087b00000, 0x0000000087b00000, 0x0000000087c00000|  0%| F|  |TAMS 0x0000000087b00000| PB 0x0000000087b00000| Untracked |  0
|  94|0x0000000087c00000, 0x0000000087c00000, 0x0000000087d00000|  0%| F|  |TAMS 0x0000000087c00000| PB 0x0000000087c00000| Untracked |  0
|  95|0x0000000087d00000, 0x0000000087d00000, 0x0000000087e00000|  0%| F|  |TAMS 0x0000000087d00000| PB 0x0000000087d00000| Untracked |  0
|  96|0x0000000087e00000, 0x0000000087e00000, 0x0000000087f00000|  0%| F|  |TAMS 0x0000000087e00000| PB 0x0000000087e00000| Untracked |  0
|  97|0x0000000087f00000, 0x0000000087f00000, 0x0000000088000000|  0%| F|  |TAMS 0x0000000087f00000| PB 0x0000000087f00000| Untracked |  0
|  98|0x0000000088000000, 0x0000000088000000, 0x0000000088100000|  0%| F|  |TAMS 0x0000000088000000| PB 0x0000000088000000| Untracked |  0
|  99|0x0000000088100000, 0x0000000088100000, 0x0000000088200000|  0%| F|  |TAMS 0x0000000088100000| PB 0x0000000088100000| Untracked |  0
| 100|0x0000000088200000, 0x0000000088200000, 0x0000000088300000|  0%| F|  |TAMS 0x0000000088200000| PB 0x0000000088200000| Untracked |  0
| 101|0x0000000088300000, 0x0000000088300000, 0x0000000088400000|  0%| F|  |TAMS 0x0000000088300000| PB 0x0000000088300000| Untracked |  0
| 102|0x0000000088400000, 0x0000000088400000, 0x0000000088500000|  0%| F|  |TAMS 0x0000000088400000| PB 0x0000000088400000| Untracked |  0
| 103|0x0000000088500000, 0x0000000088500000, 0x0000000088600000|  0%| F|  |TAMS 0x0000000088500000| PB 0x0000000088500000| Untracked |  0
| 104|0x0000000088600000, 0x0000000088600000, 0x0000000088700000|  0%| F|  |TAMS 0x0000000088600000| PB 0x0000000088600000| Untracked |  0
| 105|0x0000000088700000, 0x0000000088700000, 0x0000000088800000|  0%| F|  |TAMS 0x0000000088700000| PB 0x0000000088700000| Untracked |  0
| 106|0x0000000088800000, 0x0000000088800000, 0x0000000088900000|  0%| F|  |TAMS 0x0000000088800000| PB 0x0000000088800000| Untracked |  0
| 107|0x0000000088900000, 0x0000000088900000, 0x0000000088a00000|  0%| F|  |TAMS 0x0000000088900000| PB 0x0000000088900000| Untracked |  0
| 108|0x0000000088a00000, 0x0000000088a00000, 0x0000000088b00000|  0%| F|  |TAMS 0x0000000088a00000| PB 0x0000000088a00000| Untracked |  0
| 109|0x0000000088b00000, 0x0000000088b00000, 0x0000000088c00000|  0%| F|  |TAMS 0x0000000088b00000| PB 0x0000000088b00000| Untracked |  0
| 110|0x0000000088c00000, 0x0000000088c00000, 0x0000000088d00000|  0%| F|  |TAMS 0x0000000088c00000| PB 0x0000000088c00000| Untracked |  0
| 111|0x0000000088d00000, 0x0000000088d00000, 0x0000000088e00000|  0%| F|  |TAMS 0x0000000088d00000| PB 0x0000000088d00000| Untracked |  0
| 112|0x0000000088e00000, 0x0000000088e00000, 0x0000000088f00000|  0%| F|  |TAMS 0x0000000088e00000| PB 0x0000000088e00000| Untracked |  0
| 113|0x0000000088f00000, 0x0000000088f00000, 0x0000000089000000|  0%| F|  |TAMS 0x0000000088f00000| PB 0x0000000088f00000| Untracked |  0
| 114|0x0000000089000000, 0x0000000089000000, 0x0000000089100000|  0%| F|  |TAMS 0x0000000089000000| PB 0x0000000089000000| Untracked |  0
| 115|0x0000000089100000, 0x0000000089100000, 0x0000000089200000|  0%| F|  |TAMS 0x0000000089100000| PB 0x0000000089100000| Untracked |  0
| 116|0x0000000089200000, 0x0000000089200000, 0x0000000089300000|  0%| F|  |TAMS 0x0000000089200000| PB 0x0000000089200000| Untracked |  0
| 117|0x0000000089300000, 0x0000000089300000, 0x0000000089400000|  0%| F|  |TAMS 0x0000000089300000| PB 0x0000000089300000| Untracked |  0
| 118|0x0000000089400000, 0x0000000089400000, 0x0000000089500000|  0%| F|  |TAMS 0x0000000089400000| PB 0x0000000089400000| Untracked |  0
| 119|0x0000000089500000, 0x0000000089500000, 0x0000000089600000|  0%| F|  |TAMS 0x0000000089500000| PB 0x0000000089500000| Untracked |  0
| 120|0x0000000089600000, 0x0000000089700000, 0x0000000089700000|100%| E|  |TAMS 0x0000000089600000| PB 0x0000000089600000| Complete |  0
| 121|0x0000000089700000, 0x0000000089800000, 0x0000000089800000|100%| E|CS|TAMS 0x0000000089700000| PB 0x0000000089700000| Complete |  0
| 122|0x0000000089800000, 0x0000000089900000, 0x0000000089900000|100%| E|  |TAMS 0x0000000089800000| PB 0x0000000089800000| Complete |  0
| 123|0x0000000089900000, 0x0000000089a00000, 0x0000000089a00000|100%| E|CS|TAMS 0x0000000089900000| PB 0x0000000089900000| Complete |  0
| 124|0x0000000089a00000, 0x0000000089b00000, 0x0000000089b00000|100%| E|CS|TAMS 0x0000000089a00000| PB 0x0000000089a00000| Complete |  0
| 125|0x0000000089b00000, 0x0000000089c00000, 0x0000000089c00000|100%| E|CS|TAMS 0x0000000089b00000| PB 0x0000000089b00000| Complete |  0
| 126|0x0000000089c00000, 0x0000000089d00000, 0x0000000089d00000|100%| E|CS|TAMS 0x0000000089c00000| PB 0x0000000089c00000| Complete |  0
| 127|0x0000000089d00000, 0x0000000089e00000, 0x0000000089e00000|100%| E|CS|TAMS 0x0000000089d00000| PB 0x0000000089d00000| Complete |  0

Card table byte_map: [0x0000027e433e0000,0x0000027e437e0000] _byte_map_base: 0x0000027e42fd1000

Marking Bits: (CMBitMap*) 0x0000027e37904f90
 Bits: [0x0000027e437e0000, 0x0000027e45768000)

Polling page: 0x0000027e355f0000

Metaspace:

Usage:
  Non-class:    665.20 KB used.
      Class:     68.46 KB used.
       Both:    733.66 KB used.

Virtual space:
  Non-class space:       64.00 MB reserved,     704.00 KB (  1%) committed,  1 nodes.
      Class space:        1.00 GB reserved,     128.00 KB ( <1%) committed,  1 nodes.
             Both:        1.06 GB reserved,     832.00 KB ( <1%) committed. 

Chunk freelists:
   Non-Class:  11.96 MB
       Class:  15.74 MB
        Both:  27.70 MB

MaxMetaspaceSize: unlimited
CompressedClassSpaceSize: 1.00 GB
Initial GC threshold: 21.00 MB
Current GC threshold: 21.00 MB
CDS: on
 - commit_granule_bytes: 65536.
 - commit_granule_words: 8192.
 - virtual_space_node_default_size: 8388608.
 - enlarge_chunks_in_place: 1.
 - use_allocation_guard: 0.


Internal statistics:

num_allocs_failed_limit: 0.
num_arena_births: 24.
num_arena_deaths: 0.
num_vsnodes_births: 2.
num_vsnodes_deaths: 0.
num_space_committed: 13.
num_space_uncommitted: 0.
num_chunks_returned_to_freelist: 0.
num_chunks_taken_from_freelist: 28.
num_chunk_merges: 0.
num_chunk_splits: 18.
num_chunks_enlarged: 11.
num_inconsistent_stats: 0.

CodeCache: size=49152Kb used=2755Kb max_used=2755Kb free=46397Kb
 bounds [0x0000027e3ffe0000, 0x0000027e402a0000, 0x0000027e42fe0000]
 total_blobs=829, nmethods=422, adapters=331, full_count=0
Compilation: enabled, stopped_count=0, restarted_count=0

Compilation events (20 events):
Event: 3.335 Thread 0x0000027e47b34d30 nmethod 410 0x0000027e4028ba88 code [0x0000027e4028bbe0, 0x0000027e4028be20]
Event: 3.336 Thread 0x0000027e47c990f0 nmethod 406 0x0000027e4028be88 code [0x0000027e4028c100, 0x0000027e4028cfb8]
Event: 3.343 Thread 0x0000027e47c990f0  412       1       java.util.HashMap::size (5 bytes)
Event: 3.343 Thread 0x0000027e47c990f0 nmethod 412 0x0000027e4028d708 code [0x0000027e4028d820, 0x0000027e4028d8e8]
Event: 3.343 Thread 0x0000027e47c990f0  414       1       java.lang.invoke.LambdaForm::argument (27 bytes)
Event: 3.343 Thread 0x0000027e47c98a30  415       1       java.lang.invoke.LambdaForm$Name::initIndex (26 bytes)
Event: 3.343 Thread 0x0000027e47c98a30 nmethod 415 0x0000027e4028da08 code [0x0000027e4028db20, 0x0000027e4028dc38]
Event: 3.343 Thread 0x0000027e47c990f0 nmethod 414 0x0000027e4028dd08 code [0x0000027e4028de40, 0x0000027e4028e018]
Event: 3.344 Thread 0x0000027e47c990f0  417       1       java.lang.invoke.MemberName::getReferenceKind (12 bytes)
Event: 3.344 Thread 0x0000027e47c990f0 nmethod 417 0x0000027e4028e388 code [0x0000027e4028e4a0, 0x0000027e4028e578]
Event: 3.345 Thread 0x0000027e47c990f0  418   !   1       java.lang.invoke.MemberName::getMethodType (213 bytes)
Event: 3.346 Thread 0x0000027e47c990f0 nmethod 418 0x0000027e4028e688 code [0x0000027e4028e820, 0x0000027e4028efc0]
Event: 3.351 Thread 0x0000027e47b34d30  420       1       jdk.internal.misc.Unsafe::allocateUninitializedArray0 (90 bytes)
Event: 3.351 Thread 0x0000027e47c990f0  419       1       jdk.internal.misc.Unsafe::allocateUninitializedArray (55 bytes)
Event: 3.351 Thread 0x0000027e47c98a30  421       1       java.util.concurrent.ConcurrentHashMap$Traverser::advance (188 bytes)
Event: 3.352 Thread 0x0000027e47b34d30 nmethod 420 0x0000027e4028f088 code [0x0000027e4028f200, 0x0000027e4028f950]
Event: 3.352 Thread 0x0000027e47c990f0 nmethod 419 0x0000027e4028f988 code [0x0000027e4028fae0, 0x0000027e4028fdc0]
Event: 3.353 Thread 0x0000027e47c98a30 nmethod 421 0x0000027e4028fe08 code [0x0000027e4028ff80, 0x0000027e40290530]
Event: 3.353 Thread 0x0000027e47c990f0  422       1       jdk.internal.jimage.ImageLocation::readValue (61 bytes)
Event: 3.354 Thread 0x0000027e47c990f0 nmethod 422 0x0000027e40290588 code [0x0000027e402906c0, 0x0000027e402908b0]

GC Heap History (0 events):
No events

Dll operation events (9 events):
Event: 0.558 Loaded shared library C:\Program Files\Java\jdk-23\bin\java.dll
Event: 2.534 Loaded shared library C:\Program Files\Java\jdk-23\bin\zip.dll
Event: 2.549 Loaded shared library C:\Program Files\Java\jdk-23\bin\instrument.dll
Event: 2.709 Loaded shared library C:\Program Files\Java\jdk-23\bin\net.dll
Event: 2.714 Loaded shared library C:\Program Files\Java\jdk-23\bin\nio.dll
Event: 2.723 Loaded shared library C:\Program Files\Java\jdk-23\bin\zip.dll
Event: 3.307 Loaded shared library C:\Program Files\JetBrains\IntelliJ IDEA 2024.2.3\bin\breakgen64.dll
Event: 3.329 Loaded shared library C:\Program Files\Java\jdk-23\bin\jimage.dll
Event: 3.341 Loaded shared library C:\Program Files\Java\jdk-23\bin\extnet.dll

Deoptimization events (0 events):
No events

Classes loaded (20 events):
Event: 3.347 Loading class java/net/InetAddress$NameServiceAddresses
Event: 3.347 Loading class sun/net/spi/DefaultProxySelector$1 done
Event: 3.347 Loading class sun/net/NetProperties
Event: 3.347 Loading class java/net/InetAddress$Addresses
Event: 3.348 Loading class sun/net/NetProperties done
Event: 3.348 Loading class sun/net/NetProperties$1
Event: 3.348 Loading class java/net/InetAddress$Addresses done
Event: 3.348 Loading class java/net/InetAddress$NameServiceAddresses done
Event: 3.348 Loading class sun/net/NetProperties$1 done
Event: 3.348 Loading class java/net/spi/InetAddressResolverProvider
Event: 3.348 Loading class java/net/spi/InetAddressResolverProvider done
Event: 3.351 Loading class sun/net/spi/DefaultProxySelector$NonProxyInfo
Event: 3.351 Loading class sun/net/spi/DefaultProxySelector$NonProxyInfo done
Event: 3.351 Loading class sun/net/spi/DefaultProxySelector$3
Event: 3.351 Loading class sun/net/spi/DefaultProxySelector$3 done
Event: 3.353 Loading class sun/net/NetHooks
Event: 3.353 Loading class sun/net/NetHooks done
Event: 3.353 Loading class sun/nio/ch/NativeThread
Event: 3.354 Loading class sun/nio/ch/NativeThread done
Event: 3.356 Loading class java/io/BufferedReader

Classes unloaded (0 events):
No events

Classes redefined (0 events):
No events

Internal exceptions (2 events):
Event: 3.290 Thread 0x0000027e378adc40 Exception <a 'java/lang/NoSuchMethodError'{0x00000000896a20e8}: 'java.lang.Object java.lang.invoke.Invokers$Holder.invokeExact_MT(java.lang.Object, java.lang.Object, java.lang.Object, java.lang.Object, java.lang.Object)'> (0x00000000896a20e8) 
thrown [s\open\src\hotspot\share\interpreter\linkResolver.cpp, line 796]
Event: 3.344 Thread 0x0000027e47f8d910 Exception <a 'java/lang/NoSuchMethodError'{0x00000000896f05c0}: 'void java.lang.invoke.DirectMethodHandle$Holder.invokeStatic(java.lang.Object, java.lang.Object)'> (0x00000000896f05c0) 
thrown [s\open\src\hotspot\share\interpreter\linkResolver.cpp, line 796]

VM Operations (2 events):
Event: 2.397 Executing VM operation: HandshakeAllThreads (Deoptimize)
Event: 2.398 Executing VM operation: HandshakeAllThreads (Deoptimize) done

Memory protections (0 events):
No events

Nmethod flushes (0 events):
No events

Events (13 events):
Event: 0.721 Thread 0x0000027e378adc40 Thread added: 0x0000027e378adc40
Event: 1.512 Thread 0x0000027e378adc40 Thread added: 0x0000027e47b2d190
Event: 1.512 Thread 0x0000027e378adc40 Thread added: 0x0000027e47b2e260
Event: 1.513 Thread 0x0000027e378adc40 Thread added: 0x0000027e47b31240
Event: 1.513 Thread 0x0000027e378adc40 Thread added: 0x0000027e47b32e10
Event: 1.514 Thread 0x0000027e378adc40 Thread added: 0x0000027e47b33870
Event: 1.514 Thread 0x0000027e378adc40 Thread added: 0x0000027e47b342d0
Event: 1.514 Thread 0x0000027e378adc40 Thread added: 0x0000027e47b34d30
Event: 2.334 Thread 0x0000027e378adc40 Thread added: 0x0000027e47c1e6e0
Event: 2.731 Thread 0x0000027e47b34d30 Thread added: 0x0000027e47c98a30
Event: 2.732 Thread 0x0000027e47b34d30 Thread added: 0x0000027e47c990f0
Event: 3.309 Thread 0x0000027e378adc40 Thread added: 0x0000027e47f8d910
Event: 3.310 Thread 0x0000027e378adc40 Thread added: 0x0000027e47f8e400


Dynamic libraries:
0x00007ff740e40000 - 0x00007ff740e50000 	C:\Program Files\Java\jdk-23\bin\java.exe
0x00007fff5f5d0000 - 0x00007fff5f7c8000 	C:\Windows\SYSTEM32\ntdll.dll
0x00007fff5ed40000 - 0x00007fff5ee02000 	C:\Windows\System32\KERNEL32.DLL
0x00007fff5d0e0000 - 0x00007fff5d3de000 	C:\Windows\System32\KERNELBASE.dll
0x00007fff5d4f0000 - 0x00007fff5d5f0000 	C:\Windows\System32\ucrtbase.dll
0x00007fff51770000 - 0x00007fff51787000 	C:\Program Files\Java\jdk-23\bin\jli.dll
0x00007fff515f0000 - 0x00007fff5160b000 	C:\Program Files\Java\jdk-23\bin\VCRUNTIME140.dll
0x00007fff5dbd0000 - 0x00007fff5dd6d000 	C:\Windows\System32\USER32.dll
0x00007fff5d430000 - 0x00007fff5d452000 	C:\Windows\System32\win32u.dll
0x00007fff5eca0000 - 0x00007fff5eccb000 	C:\Windows\System32\GDI32.dll
0x00007fff5cf20000 - 0x00007fff5d037000 	C:\Windows\System32\gdi32full.dll
0x00007fff5d040000 - 0x00007fff5d0dd000 	C:\Windows\System32\msvcp_win.dll
0x00007fff46030000 - 0x00007fff462ca000 	C:\Windows\WinSxS\amd64_microsoft.windows.common-controls_6595b64144ccf1df_6.0.19041.4355_none_60b8b9eb71f62e16\COMCTL32.dll
0x00007fff5dda0000 - 0x00007fff5de3e000 	C:\Windows\System32\msvcrt.dll
0x00007fff5dd70000 - 0x00007fff5dd9f000 	C:\Windows\System32\IMM32.DLL
0x00007fff51f70000 - 0x00007fff51f7c000 	C:\Program Files\Java\jdk-23\bin\vcruntime140_1.dll
0x00007fff18600000 - 0x00007fff1868e000 	C:\Program Files\Java\jdk-23\bin\msvcp140.dll
0x00007ffe96b10000 - 0x00007ffe9785f000 	C:\Program Files\Java\jdk-23\bin\server\jvm.dll
0x00007fff5e760000 - 0x00007fff5e812000 	C:\Windows\System32\ADVAPI32.dll
0x00007fff5f0f0000 - 0x00007fff5f190000 	C:\Windows\System32\sechost.dll
0x00007fff5da40000 - 0x00007fff5db63000 	C:\Windows\System32\RPCRT4.dll
0x00007fff5ce80000 - 0x00007fff5cea7000 	C:\Windows\System32\bcrypt.dll
0x00007fff5f080000 - 0x00007fff5f0eb000 	C:\Windows\System32\WS2_32.dll
0x00007fff5ca20000 - 0x00007fff5ca6b000 	C:\Windows\SYSTEM32\POWRPROF.dll
0x00007fff554e0000 - 0x00007fff55507000 	C:\Windows\SYSTEM32\WINMM.dll
0x00007fff51670000 - 0x00007fff5167a000 	C:\Windows\SYSTEM32\VERSION.dll
0x00007fff5ca00000 - 0x00007fff5ca12000 	C:\Windows\SYSTEM32\UMPDC.dll
0x00007fff5b4e0000 - 0x00007fff5b4f2000 	C:\Windows\SYSTEM32\kernel.appcore.dll
0x00007fff518e0000 - 0x00007fff518ea000 	C:\Program Files\Java\jdk-23\bin\jimage.dll
0x00007fff55d00000 - 0x00007fff55ee4000 	C:\Windows\SYSTEM32\DBGHELP.DLL
0x00007fff47110000 - 0x00007fff47144000 	C:\Windows\SYSTEM32\dbgcore.DLL
0x00007fff5d460000 - 0x00007fff5d4e2000 	C:\Windows\System32\bcryptPrimitives.dll
0x00007fff556b0000 - 0x00007fff556bf000 	C:\Program Files\Java\jdk-23\bin\instrument.dll
0x00007fff45ce0000 - 0x00007fff45cfe000 	C:\Program Files\Java\jdk-23\bin\java.dll
0x00007fff5eec0000 - 0x00007fff5efeb000 	C:\Windows\System32\ole32.dll
0x00007fff5d680000 - 0x00007fff5d9d3000 	C:\Windows\System32\combase.dll
0x00007fff5dff0000 - 0x00007fff5e75f000 	C:\Windows\System32\SHELL32.dll
0x00007fff5ac80000 - 0x00007fff5b424000 	C:\Windows\SYSTEM32\windows.storage.dll
0x00007fff5c630000 - 0x00007fff5c65e000 	C:\Windows\SYSTEM32\Wldp.dll
0x00007fff5f190000 - 0x00007fff5f25d000 	C:\Windows\System32\OLEAUT32.dll
0x00007fff5f2e0000 - 0x00007fff5f38d000 	C:\Windows\System32\SHCORE.dll
0x00007fff5d9e0000 - 0x00007fff5da35000 	C:\Windows\System32\shlwapi.dll
0x00007fff5cba0000 - 0x00007fff5cbc4000 	C:\Windows\SYSTEM32\profapi.dll
0x00007fff3ff00000 - 0x00007fff3ff17000 	C:\Program Files\Java\jdk-23\bin\zip.dll
0x00007fff51620000 - 0x00007fff51630000 	C:\Program Files\Java\jdk-23\bin\net.dll
0x00007fff5c330000 - 0x00007fff5c39a000 	C:\Windows\system32\mswsock.dll
0x00007fff37870000 - 0x00007fff37886000 	C:\Program Files\Java\jdk-23\bin\nio.dll
0x00007fff46330000 - 0x00007fff4634a000 	C:\Program Files\JetBrains\IntelliJ IDEA 2024.2.3\bin\breakgen64.dll
0x00007fff471b0000 - 0x00007fff471b9000 	C:\Program Files\Java\jdk-23\bin\extnet.dll

dbghelp: loaded successfully - version: 4.0.5 - missing functions: none
symbol engine: initialized successfully - sym options: 0x614 - pdb path: .;C:\Program Files\Java\jdk-23\bin;C:\Windows\SYSTEM32;C:\Windows\WinSxS\amd64_microsoft.windows.common-controls_6595b64144ccf1df_6.0.19041.4355_none_60b8b9eb71f62e16;C:\Program Files\Java\jdk-23\bin\server;C:\Program Files\JetBrains\IntelliJ IDEA 2024.2.3\bin

VM Arguments:
jvm_args: -XX:TieredStopAtLevel=1 -Dspring.output.ansi.enabled=always -Dcom.sun.management.jmxremote -Dspring.jmx.enabled=true -Dspring.liveBeansView.mbeanDomain -Dspring.application.admin.enabled=true -Dmanagement.endpoints.jmx.exposure.include=* -javaagent:C:\Program Files\JetBrains\IntelliJ IDEA 2024.2.3\lib\idea_rt.jar=54134:C:\Program Files\JetBrains\IntelliJ IDEA 2024.2.3\bin -Dfile.encoding=UTF-8 -Dsun.stdout.encoding=UTF-8 -Dsun.stderr.encoding=UTF-8 
java_command: com.login.UserLoginApplication
java_class_path (initial): C:\Users\Rizwan Ali\Desktop\userLogin\user_login\target\classes;C:\Users\Rizwan Ali\.m2\repository\org\springframework\boot\spring-boot-starter-data-jpa\3.3.5\spring-boot-starter-data-jpa-3.3.5.jar;C:\Users\Rizwan Ali\.m2\repository\org\springframework\boot\spring-boot-starter-aop\3.3.5\spring-boot-starter-aop-3.3.5.jar;C:\Users\Rizwan Ali\.m2\repository\org\aspectj\aspectjweaver\1.9.22.1\aspectjweaver-1.9.22.1.jar;C:\Users\Rizwan Ali\.m2\repository\org\springframework\boot\spring-boot-starter-jdbc\3.3.5\spring-boot-starter-jdbc-3.3.5.jar;C:\Users\Rizwan Ali\.m2\repository\com\zaxxer\HikariCP\5.1.0\HikariCP-5.1.0.jar;C:\Users\Rizwan Ali\.m2\repository\org\springframework\spring-jdbc\6.1.14\spring-jdbc-6.1.14.jar;C:\Users\Rizwan Ali\.m2\repository\org\hibernate\orm\hibernate-core\6.5.3.Final\hibernate-core-6.5.3.Final.jar;C:\Users\Rizwan Ali\.m2\repository\jakarta\persistence\jakarta.persistence-api\3.1.0\jakarta.persistence-api-3.1.0.jar;C:\Users\Rizwan Ali\.m2\repository\jakarta\transaction\jakarta.transaction-api\2.0.1\jakarta.transaction-api-2.0.1.jar;C:\Users\Rizwan Ali\.m2\repository\org\hibernate\common\hibernate-commons-annotations\6.0.6.Final\hibernate-commons-annotations-6.0.6.Final.jar;C:\Users\Rizwan Ali\.m2\repository\io\smallrye\jandex\3.1.2\jandex-3.1.2.jar;C:\Users\Rizwan Ali\.m2\repository\net\bytebuddy\byte-buddy\1.14.19\byte-buddy-1.14.19.jar;C:\Users\Rizwan Ali\.m2\repository\org\glassfish\jaxb\jaxb-runtime\4.0.5\jaxb-runtime-4.0.5.jar;C:\Users\Rizwan Ali\.m2\repository\org\glassfish\jaxb\jaxb-core\4.0.5\jaxb-core-4.0.5.jar;C:\Users\Rizwan Ali\.m2\repository\org\eclipse\angus\angus-activation\2.0.2\angus-activation-2.0.2.jar;C:\Users\Rizwan Ali\.m2\repository\org\glassfish\jaxb\txw2\4.0.5\txw2-4.0.5.jar;C:\Users\Rizwan Ali\.m2\repository\com\sun\istack\istack-commons-runtime\4.1.2\istack-commons-runtime-4.1.2.jar;C:\Users\Rizwan Ali\.m2\repository\jakarta\inject\jakarta.inject-api\2.0.1\jakarta.inject-api-2.0.1.jar;C:\Users\Rizwan Ali\.m2\repository\org\antlr\antlr4-runtime\4.13.0\antlr4-runtime-4.13.0.jar;C:\Users\Rizwan Ali\.m2\repository\org\springframework\data\spring-data-jpa\3.3.5\spring-data-jpa-3.3.5.jar;C:\Users\Rizwan Ali\.m2\repository\org\springframework\data\spring-data-commons\3.3.5\spring-data-commons-3.3.5.jar;C:\Users\Rizwan Ali\.m2\repository\org\springframework\spring-orm\6.1.14\spring-orm-6.1.14.jar;C:\Users\Rizwan Ali\.m2\repository\org\springframework\spring-tx\6.1.14\spring-tx-6.1.14.jar;C:\Users\Rizwan Ali\.m2\repository\jakarta\annotation\jakarta.annotation-api\2.1.1\jakarta.annotation-api-2.1.1.jar;C:\Users\Rizwan Ali\.m2\repository\org\slf4j\slf4j-api\2.0.16\slf4j-api-2.0.16.jar;C:\Users\Rizwan Ali\.m2\repository\org\springframework\spring-aspects\6.1.14\spring-aspects-6.1.14.jar;C:\Users\Rizwan Ali\.m2\repository\org\springframework\boot\spring-boot-starter-web\3.3.5\spring-boot-starter-web-3.3.5.jar;C:\Users\Rizwan Ali\.m2\repository\org\springframework\boot\spring-boot-starter\3.3.5\spring-boot-starter-3.3.5.jar;C:\Users\Rizwan Ali\.m2\repository\org\springframework\boot\spring-boot\3.3.5\spring-boot-3.3.5.jar;C:\Users\Rizwan Ali\.m2\repository\org\springframework\boot\spring-boot-autoconfigure\3.3.5\spring-boot-autoconfigure-3.3.5.jar;C:\Users\Rizwan Ali\.m2\repository\org\springframework\boot\spring-boot-starter-logging\3.3.5\spring-boot-starter-logging-3.3.5.jar;C:\Users\Rizwan Ali\.m2\repository\ch\qos\logback\logback-classic\1.5.11\logback-classic-1.5.11.jar;C:\Users\Rizwan Ali\.m2\repository\ch\qos\logback\logback-core\1.5.11\logback-core-1.5.11.jar;C:\Users\Rizwan Ali\.m2\repository\org\apache\logging\log4j\log4j-to-slf4j\2.23.1\log4j-to-slf4j-2.23.1.jar;C:\Users\Rizwan Ali\.m2\repository\org\apache\logging\log4j\log4j-api\2.23.1\log4j-api-2.23.1.jar;C:\Users\Rizwan Ali\.m2\repository\org\slf4j\jul-to-slf4j\2.0.16\jul-to-slf4j-2.0.16.jar;C:\Users\Rizwan Ali\.m2\repository\org\yaml\snakeyaml\2.2\snakeyaml-2.2.jar;C:\Users\Rizwan Ali\.m2\repository\org\springframework\boot\spring-boot-starter-json\3.3.5\spring-boot-starter-json-3.3.5.jar;C:\Users\Rizwan Ali\.m2\repository\com\fasterxml\jackson\datatype\jackson-datatype-jdk8\2.17.2\jackson-datatype-jdk8-2.17.2.jar;C:\Users\Rizwan Ali\.m2\repository\com\fasterxml\jackson\datatype\jackson-datatype-jsr310\2.17.2\jackson-datatype-jsr310-2.17.2.jar;C:\Users\Rizwan Ali\.m2\repository\com\fasterxml\jackson\module\jackson-module-parameter-names\2.17.2\jackson-module-parameter-names-2.17.2.jar;C:\Users\Rizwan Ali\.m2\repository\org\springframework\boot\spring-boot-starter-tomcat\3.3.5\spring-boot-starter-tomcat-3.3.5.jar;C:\Users\Rizwan Ali\.m2\repository\org\apache\tomcat\embed\tomcat-embed-core\10.1.31\tomcat-embed-core-10.1.31.jar;C:\Users\Rizwan Ali\.m2\repository\org\apache\tomcat\embed\tomcat-embed-el\10.1.31\tomcat-embed-el-10.1.31.jar;C:\Users\Rizwan Ali\.m2\repository\org\apache\tomcat\embed\tomcat-embed-websocket\10.1.31\tomcat-embed-websocket-10.1.31.jar;C:\Users\Rizwan Ali\.m2\repository\org\springframework\spring-web\6.1.14\spring-web-6.1.14.jar;C:\Users\Rizwan Ali\.m2\repository\org\springframework\spring-webmvc\6.1.14\spring-webmvc-6.1.14.jar;C:\Users\Rizwan Ali\.m2\repository\org\springframework\boot\spring-boot-starter-websocket\3.3.5\spring-boot-starter-websocket-3.3.5.jar;C:\Users\Rizwan Ali\.m2\repository\org\springframework\spring-messaging\6.1.14\spring-messaging-6.1.14.jar;C:\Users\Rizwan Ali\.m2\repository\org\springframework\spring-websocket\6.1.14\spring-websocket-6.1.14.jar;C:\Users\Rizwan Ali\.m2\repository\org\springframework\boot\spring-boot-starter-security\3.3.5\spring-boot-starter-security-3.3.5.jar;C:\Users\Rizwan Ali\.m2\repository\org\springframework\spring-aop\6.1.14\spring-aop-6.1.14.jar;C:\Users\Rizwan Ali\.m2\repository\org\springframework\security\spring-security-config\6.3.4\spring-security-config-6.3.4.jar;C:\Users\Rizwan Ali\.m2\repository\org\springframework\security\spring-security-web\6.3.4\spring-security-web-6.3.4.jar;C:\Users\Rizwan Ali\.m2\repository\org\postgresql\postgresql\42.7.4\postgresql-42.7.4.jar;C:\Users\Rizwan Ali\.m2\repository\org\checkerframework\checker-qual\3.42.0\checker-qual-3.42.0.jar;C:\Users\Rizwan Ali\.m2\repository\org\projectlombok\lombok\1.18.34\lombok-1.18.34.jar;C:\Users\Rizwan Ali\.m2\repository\io\jsonwebtoken\jjwt-api\0.12.5\jjwt-api-0.12.5.jar;C:\Users\Rizwan Ali\.m2\repository\io\jsonwebtoken\jjwt-impl\0.12.5\jjwt-impl-0.12.5.jar;C:\Users\Rizwan Ali\.m2\repository\io\jsonwebtoken\jjwt-jackson\0.12.5\jjwt-jackson-0.12.5.jar;C:\Users\Rizwan Ali\.m2\repository\com\fasterxml\jackson\core\jackson-databind\2.17.2\jackson-databind-2.17.2.jar;C:\Users\Rizwan Ali\.m2\repository\com\fasterxml\jackson\core\jackson-annotations\2.17.2\jackson-annotations-2.17.2.jar;C:\Users\Rizwan Ali\.m2\repository\com\fasterxml\jackson\core\jackson-core\2.17.2\jackson-core-2.17.2.jar;C:\Users\Rizwan Ali\.m2\repository\jakarta\validation\jakarta.validation-api\3.0.2\jakarta.validation-api-3.0.2.jar;C:\Users\Rizwan Ali\.m2\repository\org\hibernate\validator\hibernate-validator\8.0.0.Final\hibernate-validator-8.0.0.Final.jar;C:\Users\Rizwan Ali\.m2\repository\org\jboss\logging\jboss-logging\3.5.3.Final\jboss-logging-3.5.3.Final.jar;C:\Users\Rizwan Ali\.m2\repository\com\fasterxml\classmate\1.7.0\classmate-1.7.0.jar;C:\Users\Rizwan Ali\.m2\repository\jakarta\xml\bind\jakarta.xml.bind-api\4.0.2\jakarta.xml.bind-api-4.0.2.jar;C:\Users\Rizwan Ali\.m2\repository\jakarta\activation\jakarta.activation-api\2.1.3\jakarta.activation-api-2.1.3.jar;C:\Users\Rizwan Ali\.m2\repository\org\springframework\spring-core\6.1.14\spring-core-6.1.14.jar;C:\Users\Rizwan Ali\.m2\repository\org\springframework\spring-jcl\6.1.14\spring-jcl-6.1.14.jar;C:\Users\Rizwan Ali\.m2\repository\org\springframework\security\spring-security-core\6.3.4\spring-security-core-6.3.4.jar;C:\Users\Rizwan Ali\.m2\repository\org\springframework\security\spring-security-crypto\6.3.4\spring-security-crypto-6.3.4.jar;C:\Users\Rizwan Ali\.m2\repository\org\springframework\spring-beans\6.1.14\spring-beans-6.1.14.jar;C:\Users\Rizwan Ali\.m2\repository\org\springframework\spring-context\6.1.14\spring-context-6.1.14.jar;C:\Users\Rizwan Ali\.m2\repository\org\springframework\spring-expression\6.1.14\spring-expression-6.1.14.jar;C:\Users\Rizwan Ali\.m2\repository\io\micrometer\micrometer-observation\1.13.6\micrometer-observation-1.13.6.jar;C:\Users\Rizwan Ali\.m2\repository\io\micrometer\micrometer-commons\1.13.6\micrometer-commons-1.13.6.jar
Launcher Type: SUN_STANDARD

[Global flags]
     intx CICompilerCount                          = 3                                         {product} {ergonomic}
     uint ConcGCThreads                            = 1                                         {product} {ergonomic}
     uint G1ConcRefinementThreads                  = 4                                         {product} {ergonomic}
   size_t G1HeapRegionSize                         = 1048576                                   {product} {ergonomic}
   size_t InitialHeapSize                          = 134217728                                 {product} {ergonomic}
     bool ManagementServer                         = true                                      {product} {command line}
   size_t MarkStackSize                            = 4194304                                   {product} {ergonomic}
   size_t MarkStackSizeMax                         = 536870912                                 {product} {ergonomic}
   size_t MaxHeapSize                              = 2116026368                                {product} {ergonomic}
   size_t MaxNewSize                               = 1268776960                                {product} {ergonomic}
   size_t MinHeapDeltaBytes                        = 1048576                                   {product} {ergonomic}
   size_t MinHeapSize                              = 8388608                                   {product} {ergonomic}
    uintx NonNMethodCodeHeapSize                   = 4096                                   {pd product} {ergonomic}
    uintx NonProfiledCodeHeapSize                  = 0                                      {pd product} {ergonomic}
     bool ProfileInterpreter                       = false                                  {pd product} {command line}
    uintx ProfiledCodeHeapSize                     = 0                                      {pd product} {ergonomic}
   size_t SoftMaxHeapSize                          = 2116026368                             {manageable} {ergonomic}
     intx TieredStopAtLevel                        = 1                                         {product} {command line}
     bool UseCompressedOops                        = true                           {product lp64_product} {ergonomic}
     bool UseG1GC                                  = true                                      {product} {ergonomic}
     bool UseLargePagesIndividualAllocation        = false                                  {pd product} {ergonomic}

Logging:
Log output configuration:
 #0: stdout all=warning uptime,level,tags foldmultilines=false
 #1: stderr all=off uptime,level,tags foldmultilines=false

Environment Variables:
PATH=C:\Python312\Scripts\;C:\Python312\;C:\Program Files\Common Files\Oracle\Java\javapath;C:\Windows\system32;C:\Windows;C:\Windows\System32\Wbem;C:\Windows\System32\WindowsPowerShell\v1.0\;C:\Windows\System32\OpenSSH\;C:\Program Files\Java\jdk-23\bin;C:\Program Files\nodejs\;C:\ProgramData\chocolatey\bin;C:\Users\Rizwan Ali\AppData\Local\Microsoft\WindowsApps;;C:\Program Files\JetBrains\IntelliJ IDEA 2024.2.3\bin;;C:\Users\Rizwan Ali\AppData\Roaming\npm;C:\Users\Rizwan Ali\AppData\Local\Programs\Microsoft VS Code\bin
USERNAME=Rizwan Ali
OS=Windows_NT
PROCESSOR_IDENTIFIER=Intel64 Family 6 Model 78 Stepping 3, GenuineIntel
TMP=C:\Users\RIZWAN~1\AppData\Local\Temp
TEMP=C:\Users\RIZWAN~1\AppData\Local\Temp




Periodic native trim disabled

---------------  S Y S T E M  ---------------

OS:
 Windows 10 , 64 bit Build 19041 (10.0.19041.4957)
OS uptime: 11 days 4:03 hours

CPU: total 4 (initial active 4) (2 cores per cpu, 2 threads per core) family 6 model 78 stepping 3 microcode 0xf0, cx8, cmov, fxsr, ht, mmx, 3dnowpref, sse, sse2, sse3, ssse3, sse4.1, sse4.2, popcnt, lzcnt, tsc, tscinvbit, avx, avx2, aes, erms, clmul, bmi1, bmi2, rtm, adx, fma, vzeroupper, clflush, clflushopt, rdtscp, f16c
Processor Information for the first 4 processors :
  Max Mhz: 2496, Current Mhz: 2396, Mhz Limit: 2396

Memory: 4k page, system-wide physical 8071M (305M free)
TotalPageFile size 26553M (AvailPageFile size 27M)
current process WorkingSet (physical memory assigned to process): 44M, peak: 44M
current process commit charge ("private bytes"): 201M, peak: 201M

vm_info: Java HotSpot(TM) 64-Bit Server VM (23+37-2369) for windows-amd64 JRE (23+37-2369), built on 2024-08-20T16:01:23Z with MS VC++ 17.6 (VS2022)

END.
